<?xml version="1.0" encoding="UTF-8"?>
<!-- Generated by org.testng.reporters.JUnitReportReporter -->
<testsuite hostname="LAPTOP-O0K43E3F" failures="0" tests="5" name="basic.day3" time="0.016" errors="0" timestamp="2024-01-02T11:37:24 IST" skipped="1">
  <testcase classname="basic.day3" name="submarine" time="0.006"/>
  <system-out/>
  <testcase classname="basic.day3" name="zoo" time="0.001"/>
  <system-out/>
  <testcase classname="basic.day3" name="truck" time="0.003"/>
  <system-out/>
  <testcase classname="basic.day3" name="van" time="0.006"/>
  <system-out/>
  <testcase classname="basic.day3" name="machine">
    <skipped/>
  </testcase> <!-- machine -->
  <system-out/>
</testsuite> <!-- basic.day3 -->
