<?xml version="1.0" encoding="UTF-8"?>
<!-- Generated by org.testng.reporters.JUnitReportReporter -->
<testsuite hostname="LAPTOP-O0K43E3F" failures="0" tests="2" name="basic.First_Program" time="0.006" errors="0" timestamp="2024-01-02T11:37:24 IST" skipped="0">
  <testcase classname="basic.First_Program" name="demo" time="0.005"/>
  <system-out/>
  <testcase classname="basic.First_Program" name="demo2" time="0.001"/>
  <system-out/>
</testsuite> <!-- basic.First_Program -->
