<?xml version="1.0" encoding="UTF-8"?>
<!-- Generated by org.testng.reporters.JUnitReportReporter -->
<testsuite hostname="LAPTOP-O0K43E3F" failures="0" tests="1" name="basic.profram2" time="0.005" errors="0" timestamp="2023-12-30T15:20:57 IST" skipped="0">
  <testcase classname="basic.profram2" name="demos" time="0.005"/>
  <system-out/>
</testsuite> <!-- basic.profram2 -->
