<?xml version="1.0" encoding="UTF-8"?>
<!-- Generated by org.testng.reporters.JUnitReportReporter -->
<testsuite hostname="LAPTOP-O0K43E3F" failures="0" tests="1" name="basic.day2" time="0.001" errors="0" timestamp="2024-01-02T11:37:24 IST" skipped="0">
  <testcase classname="basic.day2" name="ploan2" time="0.001"/>
  <system-out/>
</testsuite> <!-- basic.day2 -->
